<?xml version="1.0" encoding="UTF-8"?>
<!-- Generated by org.testng.reporters.JUnitXMLReporter -->
<testsuite ignored="0" hostname="DESKTOP-554G7MR" failures="0" tests="3" name="Test" time="55.757" errors="0" timestamp="2022-11-26T18:33:15 IST">
  <testcase classname="com.edusoln.runner.TestNGRunner" name="testcase" time="4.546"/>
  <testcase classname="com.edusoln.runner.TestNGRunner" name="testcase" time="21.737"/>
  <testcase classname="com.edusoln.runner.TestNGRunner" name="testcase" time="0.003">
    <skipped/>
  </testcase> <!-- testcase -->
</testsuite> <!-- Test -->
